<?xml version="1.0" encoding="UTF-8"?>
<testsuite xmlns:xsi="http://www.w3.org/2001/XMLSchema-instance" xsi:noNamespaceSchemaLocation="https://maven.apache.org/surefire/maven-surefire-plugin/xsd/surefire-test-report.xsd" name="TestSuite" time="13.745" tests="2" errors="0" skipped="0" failures="0">
  <properties>
[...]
</properties>
  <testcase name="clickfb" classname="com.Selenium_assignment.tests.FooterPageTest" time="3.115"/>
  <testcase name="testAmazonLogo" classname="com.Selenium_assignment.tests.HomePageTest" time="1.466"/>
</testsuite>