<?xml version="1.0" encoding="UTF-8"?>
<testng-results ignored="24" total="26" passed="2" failed="0" skipped="0">
  <reporter-output>
  </reporter-output>
  <suite started-at="2022-03-05T07:09:46Z" name="Surefire suite" finished-at="2022-03-05T07:09:56Z" duration-ms="10583">
    <groups>
    </groups>
    <test started-at="2022-03-05T07:09:46Z" name="Surefire test" finished-at="2022-03-05T07:09:56Z" duration-ms="10583">
      <class name="com.Selenium_assignment.tests.HomePageTest">
        <test-method is-config="true" signature="openurl()[pri:0, instance:com.Selenium_assignment.tests.HomePageTest@7ec7ffd3]" started-at="2022-03-05T07:09:53Z" name="openurl" finished-at="2022-03-05T07:09:55Z" duration-ms="1521" status="PASS">
          <reporter-output>
          </reporter-output>
        </test-method> <!-- openurl -->
        <test-method signature="testAmazonLogo()[pri:0, instance:com.Selenium_assignment.tests.HomePageTest@7ec7ffd3]" started-at="2022-03-05T07:09:55Z" name="testAmazonLogo" finished-at="2022-03-05T07:09:56Z" duration-ms="1467" status="PASS">
          <reporter-output>
          </reporter-output>
        </test-method> <!-- testAmazonLogo -->
        <test-method is-config="true" signature="endTest()[pri:0, instance:com.Selenium_assignment.tests.HomePageTest@7ec7ffd3]" started-at="2022-03-05T07:09:56Z" name="endTest" finished-at="2022-03-05T07:09:56Z" duration-ms="0" status="PASS">
          <reporter-output>
          </reporter-output>
        </test-method> <!-- endTest -->
        <test-method is-config="true" signature="attachScreenshot(org.testng.ITestResult)[pri:0, instance:com.Selenium_assignment.tests.HomePageTest@7ec7ffd3]" started-at="2022-03-05T07:09:56Z" name="attachScreenshot" finished-at="2022-03-05T07:09:56Z" duration-ms="0" status="PASS">
          <params>
            <param index="0">
              <value>
                <![CDATA[[TestResult name=testAmazonLogo status=SUCCESS method=HomePageTest.testAmazonLogo()[pri:0, instance:com.Selenium_assignment.tests.HomePageTest@7ec7ffd3] output={null}]]]>
              </value>
            </param>
          </params>
          <reporter-output>
          </reporter-output>
        </test-method> <!-- attachScreenshot -->
      </class> <!-- com.Selenium_assignment.tests.HomePageTest -->
      <class name="com.Selenium_assignment.tests.BaseTest">
        <test-method is-config="true" signature="initializeWebDriver()[pri:0, instance:com.Selenium_assignment.tests.BaseTest@1aa7ecca]" started-at="2022-03-05T07:09:44Z" name="initializeWebDriver" finished-at="2022-03-05T07:09:46Z" duration-ms="1774" status="PASS">
          <reporter-output>
          </reporter-output>
        </test-method> <!-- initializeWebDriver -->
        <test-method is-config="true" signature="setExtent()[pri:0, instance:com.Selenium_assignment.tests.BaseTest@1aa7ecca]" started-at="2022-03-05T07:09:46Z" name="setExtent" finished-at="2022-03-05T07:09:46Z" duration-ms="147" status="PASS">
          <reporter-output>
          </reporter-output>
        </test-method> <!-- setExtent -->
        <test-method is-config="true" signature="closeBrowser()[pri:0, instance:com.Selenium_assignment.tests.BaseTest@1aa7ecca]" started-at="2022-03-05T07:09:56Z" name="closeBrowser" finished-at="2022-03-05T07:09:57Z" duration-ms="682" status="PASS">
          <reporter-output>
          </reporter-output>
        </test-method> <!-- closeBrowser -->
        <test-method is-config="true" signature="endReport()[pri:0, instance:com.Selenium_assignment.tests.BaseTest@1aa7ecca]" started-at="2022-03-05T07:09:57Z" name="endReport" finished-at="2022-03-05T07:09:57Z" duration-ms="195" status="PASS">
          <reporter-output>
          </reporter-output>
        </test-method> <!-- endReport -->
      </class> <!-- com.Selenium_assignment.tests.BaseTest -->
      <class name="com.Selenium_assignment.tests.FooterPageTest">
        <test-method is-config="true" signature="openurl()[pri:0, instance:com.Selenium_assignment.tests.FooterPageTest@5876a9af]" started-at="2022-03-05T07:09:46Z" name="openurl" finished-at="2022-03-05T07:09:50Z" duration-ms="4465" status="PASS">
          <reporter-output>
          </reporter-output>
        </test-method> <!-- openurl -->
        <test-method signature="clickfb()[pri:0, instance:com.Selenium_assignment.tests.FooterPageTest@5876a9af]" started-at="2022-03-05T07:09:50Z" name="clickfb" finished-at="2022-03-05T07:09:53Z" duration-ms="3115" status="PASS">
          <reporter-output>
          </reporter-output>
        </test-method> <!-- clickfb -->
        <test-method is-config="true" signature="attachScreenshot(org.testng.ITestResult)[pri:0, instance:com.Selenium_assignment.tests.FooterPageTest@5876a9af]" started-at="2022-03-05T07:09:53Z" name="attachScreenshot" finished-at="2022-03-05T07:09:53Z" duration-ms="2" status="PASS">
          <params>
            <param index="0">
              <value>
                <![CDATA[[TestResult name=clickfb status=SUCCESS method=FooterPageTest.clickfb()[pri:0, instance:com.Selenium_assignment.tests.FooterPageTest@5876a9af] output={null}]]]>
              </value>
            </param>
          </params>
          <reporter-output>
          </reporter-output>
        </test-method> <!-- attachScreenshot -->
        <test-method is-config="true" signature="endTest()[pri:0, instance:com.Selenium_assignment.tests.FooterPageTest@5876a9af]" started-at="2022-03-05T07:09:53Z" name="endTest" finished-at="2022-03-05T07:09:53Z" duration-ms="1" status="PASS">
          <reporter-output>
          </reporter-output>
        </test-method> <!-- endTest -->
      </class> <!-- com.Selenium_assignment.tests.FooterPageTest -->
    </test> <!-- Surefire test -->
  </suite> <!-- Surefire suite -->
</testng-results>
