<?xml version="1.0" encoding="UTF-8"?>
<!-- Generated by org.testng.reporters.JUnitXMLReporter -->
<testsuite ignored="20" hostname="IN-PG02P5S6" failures="0" tests="17" name="Test" time="0.142" errors="0" timestamp="2022-05-27T22:19:37 IST">
  <testcase classname="com.Selenium_assignment.tests.BaseTest" name="@BeforeSuite initializeWebDriver" time="1.793">
    <failure type="org.openqa.selenium.SessionNotCreatedException" message="session not created: This version of ChromeDriver only supports Chrome version 98
Current browser version is 101.0.4951.67 with binary path C:\Users\tanugupta02\AppData\Local\Google\Chrome\Application\chrome.exe
Build info: version: &amp;apos;3.141.59&amp;apos;, revision: &amp;apos;e82be7d358&amp;apos;, time: &amp;apos;2018-11-14T08:17:03&amp;apos;
System info: host: &amp;apos;IN-PG02P5S6&amp;apos;, ip: &amp;apos;192.168.1.5&amp;apos;, os.name: &amp;apos;Windows 10&amp;apos;, os.arch: &amp;apos;amd64&amp;apos;, os.version: &amp;apos;10.0&amp;apos;, java.version: &amp;apos;11.0.1&amp;apos;
Driver info: driver.version: ChromeDriver
remote stacktrace: Backtrace:
	Ordinal0 [0x00C169A3+2582947]
	Ordinal0 [0x00BAA6D1+2139857]
	Ordinal0 [0x00AA3A98+1063576]
	Ordinal0 [0x00AC33B8+1192888]
	Ordinal0 [0x00ABF235+1176117]
	Ordinal0 [0x00ABC9E1+1165793]
	Ordinal0 [0x00AECFFF+1363967]
	Ordinal0 [0x00AECC2A+1362986]
	Ordinal0 [0x00AE8366+1344358]
	Ordinal0 [0x00AC5176+1200502]
	Ordinal0 [0x00AC6066+1204326]
	GetHandleVerifier [0x00DBBE02+1675858]
	GetHandleVerifier [0x00E7036C+2414524]
	GetHandleVerifier [0x00CABB01+560977]
	GetHandleVerifier [0x00CAA8D3+556323]
	Ordinal0 [0x00BB020E+2163214]
	Ordinal0 [0x00BB5078+2183288]
	Ordinal0 [0x00BB51C0+2183616]
	Ordinal0 [0x00BBEE1C+2223644]
	BaseThreadInitThunk [0x75736739+25]
	RtlGetFullPathName_UEx [0x771B8FEF+1215]
	RtlGetFullPathName_UEx [0x771B8FBD+1165]
">
      <![CDATA[org.openqa.selenium.SessionNotCreatedException: session not created: This version of ChromeDriver only supports Chrome version 98
Current browser version is 101.0.4951.67 with binary path C:\Users\tanugupta02\AppData\Local\Google\Chrome\Application\chrome.exe
Build info: version: '3.141.59', revision: 'e82be7d358', time: '2018-11-14T08:17:03'
System info: host: 'IN-PG02P5S6', ip: '192.168.1.5', os.name: 'Windows 10', os.arch: 'amd64', os.version: '10.0', java.version: '11.0.1'
Driver info: driver.version: ChromeDriver
remote stacktrace: Backtrace:
Ordinal0 [0x00C169A3+2582947]
Ordinal0 [0x00BAA6D1+2139857]
Ordinal0 [0x00AA3A98+1063576]
Ordinal0 [0x00AC33B8+1192888]
Ordinal0 [0x00ABF235+1176117]
Ordinal0 [0x00ABC9E1+1165793]
Ordinal0 [0x00AECFFF+1363967]
Ordinal0 [0x00AECC2A+1362986]
Ordinal0 [0x00AE8366+1344358]
Ordinal0 [0x00AC5176+1200502]
Ordinal0 [0x00AC6066+1204326]
GetHandleVerifier [0x00DBBE02+1675858]
GetHandleVerifier [0x00E7036C+2414524]
GetHandleVerifier [0x00CABB01+560977]
GetHandleVerifier [0x00CAA8D3+556323]
Ordinal0 [0x00BB020E+2163214]
Ordinal0 [0x00BB5078+2183288]
Ordinal0 [0x00BB51C0+2183616]
Ordinal0 [0x00BBEE1C+2223644]
BaseThreadInitThunk [0x75736739+25]
RtlGetFullPathName_UEx [0x771B8FEF+1215]
RtlGetFullPathName_UEx [0x771B8FBD+1165]

at org.openqa.selenium.remote.W3CHandshakeResponse.lambda$errorHandler$0(W3CHandshakeResponse.java:62)
at org.openqa.selenium.remote.HandshakeResponse.lambda$getResponseFunction$0(HandshakeResponse.java:30)
at org.openqa.selenium.remote.ProtocolHandshake.lambda$createSession$0(ProtocolHandshake.java:126)
at java.base/java.util.stream.ReferencePipeline$3$1.accept(ReferencePipeline.java:195)
at java.base/java.util.Spliterators$ArraySpliterator.tryAdvance(Spliterators.java:958)
at java.base/java.util.stream.ReferencePipeline.forEachWithCancel(ReferencePipeline.java:127)
at java.base/java.util.stream.AbstractPipeline.copyIntoWithCancel(AbstractPipeline.java:502)
at java.base/java.util.stream.AbstractPipeline.copyInto(AbstractPipeline.java:488)
at java.base/java.util.stream.AbstractPipeline.wrapAndCopyInto(AbstractPipeline.java:474)
at java.base/java.util.stream.FindOps$FindOp.evaluateSequential(FindOps.java:150)
at java.base/java.util.stream.AbstractPipeline.evaluate(AbstractPipeline.java:234)
at java.base/java.util.stream.ReferencePipeline.findFirst(ReferencePipeline.java:543)
at org.openqa.selenium.remote.ProtocolHandshake.createSession(ProtocolHandshake.java:128)
at org.openqa.selenium.remote.ProtocolHandshake.createSession(ProtocolHandshake.java:74)
at org.openqa.selenium.remote.HttpCommandExecutor.execute(HttpCommandExecutor.java:136)
at org.openqa.selenium.remote.service.DriverCommandExecutor.execute(DriverCommandExecutor.java:83)
at org.openqa.selenium.remote.RemoteWebDriver.execute(RemoteWebDriver.java:552)
at org.openqa.selenium.remote.RemoteWebDriver.startSession(RemoteWebDriver.java:213)
at org.openqa.selenium.remote.RemoteWebDriver.<init>(RemoteWebDriver.java:131)
at org.openqa.selenium.chrome.ChromeDriver.<init>(ChromeDriver.java:181)
at org.openqa.selenium.chrome.ChromeDriver.<init>(ChromeDriver.java:168)
at org.openqa.selenium.chrome.ChromeDriver.<init>(ChromeDriver.java:157)
at com.Selenium_assignment.tests.BaseTest.initializeWebDriver(BaseTest.java:85)
... Removed 23 stack frames]]>
    </failure>
  </testcase> <!-- @BeforeSuite initializeWebDriver -->
  <testcase classname="com.Selenium_assignment.tests.BaseTest" name="@BeforeSuite setExtent" time="-1.653670177297E9">
    <skipped/>
  </testcase> <!-- @BeforeSuite setExtent -->
  <testcase classname="com.Selenium_assignment.tests.BaseTest" name="@BeforeMethod openurl" time="-1.653670177317E9">
    <skipped/>
  </testcase> <!-- @BeforeMethod openurl -->
  <testcase classname="com.Selenium_assignment.tests.BaseTest" name="@AfterMethod attachScreenshot" time="-1.653670177322E9">
    <skipped/>
  </testcase> <!-- @AfterMethod attachScreenshot -->
  <testcase classname="com.Selenium_assignment.tests.BaseTest" name="@AfterMethod endTest" time="-1.653670177323E9">
    <skipped/>
  </testcase> <!-- @AfterMethod endTest -->
  <testcase classname="com.Selenium_assignment.tests.BaseTest" name="@BeforeMethod openurl" time="-1.653670177325E9">
    <skipped/>
  </testcase> <!-- @BeforeMethod openurl -->
  <testcase classname="com.Selenium_assignment.tests.BaseTest" name="@AfterMethod attachScreenshot" time="-1.65367017733E9">
    <skipped/>
  </testcase> <!-- @AfterMethod attachScreenshot -->
  <testcase classname="com.Selenium_assignment.tests.BaseTest" name="@AfterMethod endTest" time="-1.65367017733E9">
    <skipped/>
  </testcase> <!-- @AfterMethod endTest -->
  <testcase classname="com.Selenium_assignment.tests.BaseTest" name="@BeforeMethod openurl" time="-1.653670177332E9">
    <skipped/>
  </testcase> <!-- @BeforeMethod openurl -->
  <testcase classname="com.Selenium_assignment.tests.BaseTest" name="@AfterMethod attachScreenshot" time="-1.653670177337E9">
    <skipped/>
  </testcase> <!-- @AfterMethod attachScreenshot -->
  <testcase classname="com.Selenium_assignment.tests.BaseTest" name="@AfterMethod endTest" time="-1.653670177338E9">
    <skipped/>
  </testcase> <!-- @AfterMethod endTest -->
  <testcase classname="com.Selenium_assignment.tests.BaseTest" name="@BeforeMethod openurl" time="-1.653670177339E9">
    <skipped/>
  </testcase> <!-- @BeforeMethod openurl -->
  <testcase classname="com.Selenium_assignment.tests.BaseTest" name="@AfterMethod attachScreenshot" time="-1.653670177343E9">
    <skipped/>
  </testcase> <!-- @AfterMethod attachScreenshot -->
  <testcase classname="com.Selenium_assignment.tests.BaseTest" name="@AfterMethod endTest" time="-1.653670177343E9">
    <skipped/>
  </testcase> <!-- @AfterMethod endTest -->
  <testcase classname="com.Selenium_assignment.tests.BaseTest" name="@BeforeMethod openurl" time="-1.653670177344E9">
    <skipped/>
  </testcase> <!-- @BeforeMethod openurl -->
  <testcase classname="com.Selenium_assignment.tests.BaseTest" name="@AfterMethod attachScreenshot" time="-1.653670177352E9">
    <skipped/>
  </testcase> <!-- @AfterMethod attachScreenshot -->
  <testcase classname="com.Selenium_assignment.tests.BaseTest" name="@AfterMethod endTest" time="-1.653670177354E9">
    <skipped/>
  </testcase> <!-- @AfterMethod endTest -->
  <testcase classname="com.Selenium_assignment.tests.BaseTest" name="@BeforeMethod openurl" time="-1.653670177358E9">
    <skipped/>
  </testcase> <!-- @BeforeMethod openurl -->
  <testcase classname="com.Selenium_assignment.tests.BaseTest" name="@AfterMethod attachScreenshot" time="-1.653670177363E9">
    <skipped/>
  </testcase> <!-- @AfterMethod attachScreenshot -->
  <testcase classname="com.Selenium_assignment.tests.BaseTest" name="@AfterMethod endTest" time="-1.653670177364E9">
    <skipped/>
  </testcase> <!-- @AfterMethod endTest -->
  <testcase classname="com.Selenium_assignment.tests.BaseTest" name="@BeforeMethod openurl" time="-1.653670177365E9">
    <skipped/>
  </testcase> <!-- @BeforeMethod openurl -->
  <testcase classname="com.Selenium_assignment.tests.BaseTest" name="@AfterMethod attachScreenshot" time="-1.653670177369E9">
    <skipped/>
  </testcase> <!-- @AfterMethod attachScreenshot -->
  <testcase classname="com.Selenium_assignment.tests.BaseTest" name="@AfterMethod endTest" time="-1.65367017737E9">
    <skipped/>
  </testcase> <!-- @AfterMethod endTest -->
  <testcase classname="com.Selenium_assignment.tests.BaseTest" name="@BeforeMethod openurl" time="-1.65367017737E9">
    <skipped/>
  </testcase> <!-- @BeforeMethod openurl -->
  <testcase classname="com.Selenium_assignment.tests.BaseTest" name="@AfterMethod attachScreenshot" time="-1.653670177375E9">
    <skipped/>
  </testcase> <!-- @AfterMethod attachScreenshot -->
  <testcase classname="com.Selenium_assignment.tests.BaseTest" name="@AfterMethod endTest" time="-1.653670177376E9">
    <skipped/>
  </testcase> <!-- @AfterMethod endTest -->
  <testcase classname="com.Selenium_assignment.tests.BaseTest" name="@BeforeMethod openurl" time="-1.653670177378E9">
    <skipped/>
  </testcase> <!-- @BeforeMethod openurl -->
  <testcase classname="com.Selenium_assignment.tests.BaseTest" name="@AfterMethod attachScreenshot" time="-1.653670177381E9">
    <skipped/>
  </testcase> <!-- @AfterMethod attachScreenshot -->
  <testcase classname="com.Selenium_assignment.tests.BaseTest" name="@AfterMethod endTest" time="-1.653670177381E9">
    <skipped/>
  </testcase> <!-- @AfterMethod endTest -->
  <testcase classname="com.Selenium_assignment.tests.BaseTest" name="@BeforeMethod openurl" time="-1.653670177382E9">
    <skipped/>
  </testcase> <!-- @BeforeMethod openurl -->
  <testcase classname="com.Selenium_assignment.tests.BaseTest" name="@AfterMethod attachScreenshot" time="-1.653670177384E9">
    <skipped/>
  </testcase> <!-- @AfterMethod attachScreenshot -->
  <testcase classname="com.Selenium_assignment.tests.BaseTest" name="@AfterMethod endTest" time="-1.653670177384E9">
    <skipped/>
  </testcase> <!-- @AfterMethod endTest -->
  <testcase classname="com.Selenium_assignment.tests.BaseTest" name="@BeforeMethod openurl" time="-1.653670177385E9">
    <skipped/>
  </testcase> <!-- @BeforeMethod openurl -->
  <testcase classname="com.Selenium_assignment.tests.BaseTest" name="@AfterMethod attachScreenshot" time="-1.653670177406E9">
    <skipped/>
  </testcase> <!-- @AfterMethod attachScreenshot -->
  <testcase classname="com.Selenium_assignment.tests.BaseTest" name="@AfterMethod endTest" time="-1.653670177407E9">
    <skipped/>
  </testcase> <!-- @AfterMethod endTest -->
  <testcase classname="com.Selenium_assignment.tests.BaseTest" name="@BeforeMethod openurl" time="-1.653670177408E9">
    <skipped/>
  </testcase> <!-- @BeforeMethod openurl -->
  <testcase classname="com.Selenium_assignment.tests.BaseTest" name="@AfterMethod attachScreenshot" time="-1.653670177411E9">
    <skipped/>
  </testcase> <!-- @AfterMethod attachScreenshot -->
  <testcase classname="com.Selenium_assignment.tests.BaseTest" name="@AfterMethod endTest" time="-1.653670177412E9">
    <skipped/>
  </testcase> <!-- @AfterMethod endTest -->
  <testcase classname="com.Selenium_assignment.tests.BaseTest" name="@BeforeMethod openurl" time="-1.653670177414E9">
    <skipped/>
  </testcase> <!-- @BeforeMethod openurl -->
  <testcase classname="com.Selenium_assignment.tests.BaseTest" name="@AfterMethod attachScreenshot" time="-1.653670177417E9">
    <skipped/>
  </testcase> <!-- @AfterMethod attachScreenshot -->
  <testcase classname="com.Selenium_assignment.tests.BaseTest" name="@AfterMethod endTest" time="-1.653670177418E9">
    <skipped/>
  </testcase> <!-- @AfterMethod endTest -->
  <testcase classname="com.Selenium_assignment.tests.BaseTest" name="@BeforeMethod openurl" time="-1.653670177419E9">
    <skipped/>
  </testcase> <!-- @BeforeMethod openurl -->
  <testcase classname="com.Selenium_assignment.tests.BaseTest" name="@AfterMethod attachScreenshot" time="-1.653670177422E9">
    <skipped/>
  </testcase> <!-- @AfterMethod attachScreenshot -->
  <testcase classname="com.Selenium_assignment.tests.BaseTest" name="@AfterMethod endTest" time="-1.653670177422E9">
    <skipped/>
  </testcase> <!-- @AfterMethod endTest -->
  <testcase classname="com.Selenium_assignment.tests.BaseTest" name="@BeforeMethod openurl" time="-1.653670177423E9">
    <skipped/>
  </testcase> <!-- @BeforeMethod openurl -->
  <testcase classname="com.Selenium_assignment.tests.BaseTest" name="@AfterMethod attachScreenshot" time="-1.653670177425E9">
    <skipped/>
  </testcase> <!-- @AfterMethod attachScreenshot -->
  <testcase classname="com.Selenium_assignment.tests.BaseTest" name="@AfterMethod endTest" time="-1.653670177426E9">
    <skipped/>
  </testcase> <!-- @AfterMethod endTest -->
  <testcase classname="com.Selenium_assignment.tests.BaseTest" name="@BeforeMethod openurl" time="-1.653670177427E9">
    <skipped/>
  </testcase> <!-- @BeforeMethod openurl -->
  <testcase classname="com.Selenium_assignment.tests.BaseTest" name="@AfterMethod attachScreenshot" time="-1.653670177432E9">
    <skipped/>
  </testcase> <!-- @AfterMethod attachScreenshot -->
  <testcase classname="com.Selenium_assignment.tests.BaseTest" name="@AfterMethod endTest" time="-1.653670177432E9">
    <skipped/>
  </testcase> <!-- @AfterMethod endTest -->
  <testcase classname="com.Selenium_assignment.tests.BaseTest" name="@BeforeMethod openurl" time="-1.653670177434E9">
    <skipped/>
  </testcase> <!-- @BeforeMethod openurl -->
  <testcase classname="com.Selenium_assignment.tests.BaseTest" name="@AfterMethod attachScreenshot" time="-1.653670177436E9">
    <skipped/>
  </testcase> <!-- @AfterMethod attachScreenshot -->
  <testcase classname="com.Selenium_assignment.tests.BaseTest" name="@AfterMethod endTest" time="-1.653670177439E9">
    <skipped/>
  </testcase> <!-- @AfterMethod endTest -->
  <testcase classname="com.Selenium_assignment.tests.HomePageTest" name="testAmazonLogo" time="0.0">
    <skipped/>
  </testcase> <!-- testAmazonLogo -->
  <testcase classname="com.Selenium_assignment.tests.HomePageTest" name="ClickNextSlide" time="0.0">
    <skipped/>
  </testcase> <!-- ClickNextSlide -->
  <testcase classname="com.Selenium_assignment.tests.HomePageTest" name="Dropdown" time="0.0">
    <skipped/>
  </testcase> <!-- Dropdown -->
  <testcase classname="com.Selenium_assignment.tests.HomePageTest" name="clickReturn" time="0.0">
    <skipped/>
  </testcase> <!-- clickReturn -->
  <testcase classname="com.Selenium_assignment.tests.HomePageTest" name="chooseFashion" time="0.002">
    <skipped/>
  </testcase> <!-- chooseFashion -->
  <testcase classname="com.Selenium_assignment.tests.RegisterPageTest" name="CreateNewuser" time="0.0">
    <skipped/>
  </testcase> <!-- CreateNewuser -->
  <testcase classname="com.Selenium_assignment.tests.LoginPageTest" name="LoginValidmailid" time="0.0">
    <skipped/>
  </testcase> <!-- LoginValidmailid -->
  <testcase classname="com.Selenium_assignment.tests.LoginPageTest" name="Loginvalidmailid" time="0.0">
    <skipped/>
  </testcase> <!-- Loginvalidmailid -->
  <testcase classname="com.Selenium_assignment.tests.LoginPageTest" name="LogininValidPassword" time="0.0">
    <skipped/>
  </testcase> <!-- LogininValidPassword -->
  <testcase classname="com.Selenium_assignment.tests.LoginPageTest" name="Logblankuser" time="0.0">
    <skipped/>
  </testcase> <!-- Logblankuser -->
  <testcase classname="com.Selenium_assignment.tests.LoginPageTest" name="Loginblankpass" time="0.0">
    <skipped/>
  </testcase> <!-- Loginblankpass -->
  <testcase classname="com.Selenium_assignment.tests.productsearchTest" name="SearchProductiphone" time="0.0">
    <skipped/>
  </testcase> <!-- SearchProductiphone -->
  <testcase classname="com.Selenium_assignment.tests.productsearchTest" name="SearchProductfootball" time="0.0">
    <skipped/>
  </testcase> <!-- SearchProductfootball -->
  <testcase classname="com.Selenium_assignment.tests.FooterPageTest" name="clickhelp" time="0.0">
    <skipped/>
  </testcase> <!-- clickhelp -->
  <testcase classname="com.Selenium_assignment.tests.FooterPageTest" name="clickfb" time="0.0">
    <skipped/>
  </testcase> <!-- clickfb -->
  <testcase classname="com.Selenium_assignment.tests.ChooseLanguageTest" name="ChooseHindiLanguage" time="0.0">
    <skipped/>
  </testcase> <!-- ChooseHindiLanguage -->
  <testcase classname="com.Selenium_assignment.tests.ChooseLanguageTest" name="ChooseEnglishLanguage" time="0.0">
    <skipped/>
  </testcase> <!-- ChooseEnglishLanguage -->
  <testcase classname="com.Selenium_assignment.tests.BaseTest" name="@AfterSuite endReport" time="0.0">
    <ignored/>
  </testcase> <!-- @AfterSuite endReport -->
  <testcase classname="com.Selenium_assignment.tests.BaseTest" name="@AfterSuite endReport" time="0.0">
    <ignored/>
  </testcase> <!-- @AfterSuite endReport -->
  <testcase classname="com.Selenium_assignment.tests.BaseTest" name="@AfterSuite endReport" time="0.0">
    <ignored/>
  </testcase> <!-- @AfterSuite endReport -->
  <testcase classname="com.Selenium_assignment.tests.BaseTest" name="@AfterSuite endReport" time="0.0">
    <ignored/>
  </testcase> <!-- @AfterSuite endReport -->
  <testcase classname="com.Selenium_assignment.tests.BaseTest" name="@AfterSuite endReport" time="0.0">
    <ignored/>
  </testcase> <!-- @AfterSuite endReport -->
  <testcase classname="com.Selenium_assignment.tests.BaseTest" name="@AfterSuite closeBrowser" time="0.0">
    <ignored/>
  </testcase> <!-- @AfterSuite closeBrowser -->
  <testcase classname="com.Selenium_assignment.tests.BaseTest" name="@AfterSuite closeBrowser" time="0.0">
    <ignored/>
  </testcase> <!-- @AfterSuite closeBrowser -->
  <testcase classname="com.Selenium_assignment.tests.BaseTest" name="@AfterSuite closeBrowser" time="0.0">
    <ignored/>
  </testcase> <!-- @AfterSuite closeBrowser -->
  <testcase classname="com.Selenium_assignment.tests.BaseTest" name="@AfterSuite closeBrowser" time="0.0">
    <ignored/>
  </testcase> <!-- @AfterSuite closeBrowser -->
  <testcase classname="com.Selenium_assignment.tests.BaseTest" name="@AfterSuite closeBrowser" time="0.0">
    <ignored/>
  </testcase> <!-- @AfterSuite closeBrowser -->
  <testcase classname="com.Selenium_assignment.tests.BaseTest" name="@BeforeSuite initializeWebDriver" time="0.0">
    <ignored/>
  </testcase> <!-- @BeforeSuite initializeWebDriver -->
  <testcase classname="com.Selenium_assignment.tests.BaseTest" name="@BeforeSuite initializeWebDriver" time="0.0">
    <ignored/>
  </testcase> <!-- @BeforeSuite initializeWebDriver -->
  <testcase classname="com.Selenium_assignment.tests.BaseTest" name="@BeforeSuite initializeWebDriver" time="0.0">
    <ignored/>
  </testcase> <!-- @BeforeSuite initializeWebDriver -->
  <testcase classname="com.Selenium_assignment.tests.BaseTest" name="@BeforeSuite initializeWebDriver" time="0.0">
    <ignored/>
  </testcase> <!-- @BeforeSuite initializeWebDriver -->
  <testcase classname="com.Selenium_assignment.tests.BaseTest" name="@BeforeSuite initializeWebDriver" time="0.0">
    <ignored/>
  </testcase> <!-- @BeforeSuite initializeWebDriver -->
  <testcase classname="com.Selenium_assignment.tests.BaseTest" name="@BeforeSuite setExtent" time="0.0">
    <ignored/>
  </testcase> <!-- @BeforeSuite setExtent -->
  <testcase classname="com.Selenium_assignment.tests.BaseTest" name="@BeforeSuite setExtent" time="0.0">
    <ignored/>
  </testcase> <!-- @BeforeSuite setExtent -->
  <testcase classname="com.Selenium_assignment.tests.BaseTest" name="@BeforeSuite setExtent" time="0.0">
    <ignored/>
  </testcase> <!-- @BeforeSuite setExtent -->
  <testcase classname="com.Selenium_assignment.tests.BaseTest" name="@BeforeSuite setExtent" time="0.0">
    <ignored/>
  </testcase> <!-- @BeforeSuite setExtent -->
  <testcase classname="com.Selenium_assignment.tests.BaseTest" name="@BeforeSuite setExtent" time="0.0">
    <ignored/>
  </testcase> <!-- @BeforeSuite setExtent -->
</testsuite> <!-- Test -->
