<?xml version="1.0" encoding="UTF-8"?>
<testng-results ignored="0" total="2" passed="0" failed="0" skipped="2">
  <reporter-output>
  </reporter-output>
  <suite started-at="2022-05-03T12:28:03 IST" name="Default suite" finished-at="2022-05-03T12:28:03 IST" duration-ms="40">
    <groups>
    </groups>
    <test started-at="2022-05-03T12:28:03 IST" name="Default test" finished-at="2022-05-03T12:28:03 IST" duration-ms="40">
      <class name="com.Selenium_assignment.tests.ChooseLanguageTest">
        <test-method is-config="true" signature="initializeWebDriver()[pri:0, instance:com.Selenium_assignment.tests.ChooseLanguageTest@4d0f2471]" started-at="2022-05-03T12:28:02 IST" name="initializeWebDriver" finished-at="2022-05-03T12:28:03 IST" duration-ms="1678" status="FAIL">
          <exception class="org.openqa.selenium.SessionNotCreatedException">
            <message>
              <![CDATA[session not created: This version of ChromeDriver only supports Chrome version 98
Current browser version is 100.0.4896.127 with binary path C:\Users\tanugupta02\AppData\Local\Google\Chrome\Application\chrome.exe
Build info: version: '3.141.59', revision: 'e82be7d358', time: '2018-11-14T08:17:03'
System info: host: 'IN-PG02P5S6', ip: '192.168.1.4', os.name: 'Windows 10', os.arch: 'amd64', os.version: '10.0', java.version: '11.0.1'
Driver info: driver.version: ChromeDriver
remote stacktrace: Backtrace:
Ordinal0 [0x010869A3+2582947]
Ordinal0 [0x0101A6D1+2139857]
Ordinal0 [0x00F13A98+1063576]
Ordinal0 [0x00F333B8+1192888]
Ordinal0 [0x00F2F235+1176117]
Ordinal0 [0x00F2C9E1+1165793]
Ordinal0 [0x00F5CFFF+1363967]
Ordinal0 [0x00F5CC2A+1362986]
Ordinal0 [0x00F58366+1344358]
Ordinal0 [0x00F35176+1200502]
Ordinal0 [0x00F36066+1204326]
GetHandleVerifier [0x0122BE02+1675858]
GetHandleVerifier [0x012E036C+2414524]
GetHandleVerifier [0x0111BB01+560977]
GetHandleVerifier [0x0111A8D3+556323]
Ordinal0 [0x0102020E+2163214]
Ordinal0 [0x01025078+2183288]
Ordinal0 [0x010251C0+2183616]
Ordinal0 [0x0102EE1C+2223644]
BaseThreadInitThunk [0x757C6739+25]
RtlGetFullPathName_UEx [0x76EC8E7F+1215]
RtlGetFullPathName_UEx [0x76EC8E4D+1165]
]]>
            </message>
            <full-stacktrace>
              <![CDATA[org.openqa.selenium.SessionNotCreatedException: session not created: This version of ChromeDriver only supports Chrome version 98
Current browser version is 100.0.4896.127 with binary path C:\Users\tanugupta02\AppData\Local\Google\Chrome\Application\chrome.exe
Build info: version: '3.141.59', revision: 'e82be7d358', time: '2018-11-14T08:17:03'
System info: host: 'IN-PG02P5S6', ip: '192.168.1.4', os.name: 'Windows 10', os.arch: 'amd64', os.version: '10.0', java.version: '11.0.1'
Driver info: driver.version: ChromeDriver
remote stacktrace: Backtrace:
Ordinal0 [0x010869A3+2582947]
Ordinal0 [0x0101A6D1+2139857]
Ordinal0 [0x00F13A98+1063576]
Ordinal0 [0x00F333B8+1192888]
Ordinal0 [0x00F2F235+1176117]
Ordinal0 [0x00F2C9E1+1165793]
Ordinal0 [0x00F5CFFF+1363967]
Ordinal0 [0x00F5CC2A+1362986]
Ordinal0 [0x00F58366+1344358]
Ordinal0 [0x00F35176+1200502]
Ordinal0 [0x00F36066+1204326]
GetHandleVerifier [0x0122BE02+1675858]
GetHandleVerifier [0x012E036C+2414524]
GetHandleVerifier [0x0111BB01+560977]
GetHandleVerifier [0x0111A8D3+556323]
Ordinal0 [0x0102020E+2163214]
Ordinal0 [0x01025078+2183288]
Ordinal0 [0x010251C0+2183616]
Ordinal0 [0x0102EE1C+2223644]
BaseThreadInitThunk [0x757C6739+25]
RtlGetFullPathName_UEx [0x76EC8E7F+1215]
RtlGetFullPathName_UEx [0x76EC8E4D+1165]

at java.base/jdk.internal.reflect.NativeConstructorAccessorImpl.newInstance0(Native Method)
at java.base/jdk.internal.reflect.NativeConstructorAccessorImpl.newInstance(NativeConstructorAccessorImpl.java:62)
at java.base/jdk.internal.reflect.DelegatingConstructorAccessorImpl.newInstance(DelegatingConstructorAccessorImpl.java:45)
at java.base/java.lang.reflect.Constructor.newInstance(Constructor.java:490)
at org.openqa.selenium.remote.W3CHandshakeResponse.lambda$errorHandler$0(W3CHandshakeResponse.java:62)
at org.openqa.selenium.remote.HandshakeResponse.lambda$getResponseFunction$0(HandshakeResponse.java:30)
at org.openqa.selenium.remote.ProtocolHandshake.lambda$createSession$0(ProtocolHandshake.java:126)
at java.base/java.util.stream.ReferencePipeline$3$1.accept(ReferencePipeline.java:195)
at java.base/java.util.Spliterators$ArraySpliterator.tryAdvance(Spliterators.java:958)
at java.base/java.util.stream.ReferencePipeline.forEachWithCancel(ReferencePipeline.java:127)
at java.base/java.util.stream.AbstractPipeline.copyIntoWithCancel(AbstractPipeline.java:502)
at java.base/java.util.stream.AbstractPipeline.copyInto(AbstractPipeline.java:488)
at java.base/java.util.stream.AbstractPipeline.wrapAndCopyInto(AbstractPipeline.java:474)
at java.base/java.util.stream.FindOps$FindOp.evaluateSequential(FindOps.java:150)
at java.base/java.util.stream.AbstractPipeline.evaluate(AbstractPipeline.java:234)
at java.base/java.util.stream.ReferencePipeline.findFirst(ReferencePipeline.java:543)
at org.openqa.selenium.remote.ProtocolHandshake.createSession(ProtocolHandshake.java:128)
at org.openqa.selenium.remote.ProtocolHandshake.createSession(ProtocolHandshake.java:74)
at org.openqa.selenium.remote.HttpCommandExecutor.execute(HttpCommandExecutor.java:136)
at org.openqa.selenium.remote.service.DriverCommandExecutor.execute(DriverCommandExecutor.java:83)
at org.openqa.selenium.remote.RemoteWebDriver.execute(RemoteWebDriver.java:552)
at org.openqa.selenium.remote.RemoteWebDriver.startSession(RemoteWebDriver.java:213)
at org.openqa.selenium.remote.RemoteWebDriver.<init>(RemoteWebDriver.java:131)
at org.openqa.selenium.chrome.ChromeDriver.<init>(ChromeDriver.java:181)
at org.openqa.selenium.chrome.ChromeDriver.<init>(ChromeDriver.java:168)
at org.openqa.selenium.chrome.ChromeDriver.<init>(ChromeDriver.java:157)
at com.Selenium_assignment.tests.BaseTest.initializeWebDriver(BaseTest.java:85)
at java.base/jdk.internal.reflect.NativeMethodAccessorImpl.invoke0(Native Method)
at java.base/jdk.internal.reflect.NativeMethodAccessorImpl.invoke(NativeMethodAccessorImpl.java:62)
at java.base/jdk.internal.reflect.DelegatingMethodAccessorImpl.invoke(DelegatingMethodAccessorImpl.java:43)
at java.base/java.lang.reflect.Method.invoke(Method.java:566)
at org.testng.internal.MethodInvocationHelper.invokeMethod(MethodInvocationHelper.java:133)
at org.testng.internal.MethodInvocationHelper.invokeMethodConsideringTimeout(MethodInvocationHelper.java:62)
at org.testng.internal.ConfigInvoker.invokeConfigurationMethod(ConfigInvoker.java:385)
at org.testng.internal.ConfigInvoker.invokeConfigurations(ConfigInvoker.java:321)
at org.testng.SuiteRunner.privateRun(SuiteRunner.java:317)
at org.testng.SuiteRunner.run(SuiteRunner.java:276)
at org.testng.SuiteRunnerWorker.runSuite(SuiteRunnerWorker.java:53)
at org.testng.SuiteRunnerWorker.run(SuiteRunnerWorker.java:96)
at org.testng.TestNG.runSuitesSequentially(TestNG.java:1212)
at org.testng.TestNG.runSuitesLocally(TestNG.java:1134)
at org.testng.TestNG.runSuites(TestNG.java:1063)
at org.testng.TestNG.run(TestNG.java:1031)
at org.testng.remote.AbstractRemoteTestNG.run(AbstractRemoteTestNG.java:115)
at org.testng.remote.RemoteTestNG.initAndRun(RemoteTestNG.java:251)
at org.testng.remote.RemoteTestNG.main(RemoteTestNG.java:77)
]]>
            </full-stacktrace>
          </exception> <!-- org.openqa.selenium.SessionNotCreatedException -->
          <reporter-output>
          </reporter-output>
        </test-method> <!-- initializeWebDriver -->
        <test-method is-config="true" signature="setExtent()[pri:0, instance:com.Selenium_assignment.tests.ChooseLanguageTest@4d0f2471]" started-at="2022-05-03T12:28:03 IST" name="setExtent" finished-at="1970-01-01T05:30:00 IST" duration-ms="-1651561083938" status="SKIP">
          <reporter-output>
          </reporter-output>
        </test-method> <!-- setExtent -->
        <test-method is-config="true" signature="openurl()[pri:0, instance:com.Selenium_assignment.tests.ChooseLanguageTest@4d0f2471]" started-at="2022-05-03T12:28:03 IST" name="openurl" finished-at="1970-01-01T05:30:00 IST" duration-ms="-1651561083960" status="SKIP">
          <reporter-output>
          </reporter-output>
        </test-method> <!-- openurl -->
        <test-method signature="ChooseHindiLanguage()[pri:15, instance:com.Selenium_assignment.tests.ChooseLanguageTest@4d0f2471]" started-at="2022-05-03T12:28:03 IST" name="ChooseHindiLanguage" finished-at="2022-05-03T12:28:03 IST" duration-ms="0" status="SKIP">
          <exception class="org.openqa.selenium.SessionNotCreatedException">
            <message>
              <![CDATA[session not created: This version of ChromeDriver only supports Chrome version 98
Current browser version is 100.0.4896.127 with binary path C:\Users\tanugupta02\AppData\Local\Google\Chrome\Application\chrome.exe
Build info: version: '3.141.59', revision: 'e82be7d358', time: '2018-11-14T08:17:03'
System info: host: 'IN-PG02P5S6', ip: '192.168.1.4', os.name: 'Windows 10', os.arch: 'amd64', os.version: '10.0', java.version: '11.0.1'
Driver info: driver.version: ChromeDriver
remote stacktrace: Backtrace:
Ordinal0 [0x010869A3+2582947]
Ordinal0 [0x0101A6D1+2139857]
Ordinal0 [0x00F13A98+1063576]
Ordinal0 [0x00F333B8+1192888]
Ordinal0 [0x00F2F235+1176117]
Ordinal0 [0x00F2C9E1+1165793]
Ordinal0 [0x00F5CFFF+1363967]
Ordinal0 [0x00F5CC2A+1362986]
Ordinal0 [0x00F58366+1344358]
Ordinal0 [0x00F35176+1200502]
Ordinal0 [0x00F36066+1204326]
GetHandleVerifier [0x0122BE02+1675858]
GetHandleVerifier [0x012E036C+2414524]
GetHandleVerifier [0x0111BB01+560977]
GetHandleVerifier [0x0111A8D3+556323]
Ordinal0 [0x0102020E+2163214]
Ordinal0 [0x01025078+2183288]
Ordinal0 [0x010251C0+2183616]
Ordinal0 [0x0102EE1C+2223644]
BaseThreadInitThunk [0x757C6739+25]
RtlGetFullPathName_UEx [0x76EC8E7F+1215]
RtlGetFullPathName_UEx [0x76EC8E4D+1165]
]]>
            </message>
            <full-stacktrace>
              <![CDATA[org.openqa.selenium.SessionNotCreatedException: session not created: This version of ChromeDriver only supports Chrome version 98
Current browser version is 100.0.4896.127 with binary path C:\Users\tanugupta02\AppData\Local\Google\Chrome\Application\chrome.exe
Build info: version: '3.141.59', revision: 'e82be7d358', time: '2018-11-14T08:17:03'
System info: host: 'IN-PG02P5S6', ip: '192.168.1.4', os.name: 'Windows 10', os.arch: 'amd64', os.version: '10.0', java.version: '11.0.1'
Driver info: driver.version: ChromeDriver
remote stacktrace: Backtrace:
Ordinal0 [0x010869A3+2582947]
Ordinal0 [0x0101A6D1+2139857]
Ordinal0 [0x00F13A98+1063576]
Ordinal0 [0x00F333B8+1192888]
Ordinal0 [0x00F2F235+1176117]
Ordinal0 [0x00F2C9E1+1165793]
Ordinal0 [0x00F5CFFF+1363967]
Ordinal0 [0x00F5CC2A+1362986]
Ordinal0 [0x00F58366+1344358]
Ordinal0 [0x00F35176+1200502]
Ordinal0 [0x00F36066+1204326]
GetHandleVerifier [0x0122BE02+1675858]
GetHandleVerifier [0x012E036C+2414524]
GetHandleVerifier [0x0111BB01+560977]
GetHandleVerifier [0x0111A8D3+556323]
Ordinal0 [0x0102020E+2163214]
Ordinal0 [0x01025078+2183288]
Ordinal0 [0x010251C0+2183616]
Ordinal0 [0x0102EE1C+2223644]
BaseThreadInitThunk [0x757C6739+25]
RtlGetFullPathName_UEx [0x76EC8E7F+1215]
RtlGetFullPathName_UEx [0x76EC8E4D+1165]

at java.base/jdk.internal.reflect.NativeConstructorAccessorImpl.newInstance0(Native Method)
at java.base/jdk.internal.reflect.NativeConstructorAccessorImpl.newInstance(NativeConstructorAccessorImpl.java:62)
at java.base/jdk.internal.reflect.DelegatingConstructorAccessorImpl.newInstance(DelegatingConstructorAccessorImpl.java:45)
at java.base/java.lang.reflect.Constructor.newInstance(Constructor.java:490)
at org.openqa.selenium.remote.W3CHandshakeResponse.lambda$errorHandler$0(W3CHandshakeResponse.java:62)
at org.openqa.selenium.remote.HandshakeResponse.lambda$getResponseFunction$0(HandshakeResponse.java:30)
at org.openqa.selenium.remote.ProtocolHandshake.lambda$createSession$0(ProtocolHandshake.java:126)
at java.base/java.util.stream.ReferencePipeline$3$1.accept(ReferencePipeline.java:195)
at java.base/java.util.Spliterators$ArraySpliterator.tryAdvance(Spliterators.java:958)
at java.base/java.util.stream.ReferencePipeline.forEachWithCancel(ReferencePipeline.java:127)
at java.base/java.util.stream.AbstractPipeline.copyIntoWithCancel(AbstractPipeline.java:502)
at java.base/java.util.stream.AbstractPipeline.copyInto(AbstractPipeline.java:488)
at java.base/java.util.stream.AbstractPipeline.wrapAndCopyInto(AbstractPipeline.java:474)
at java.base/java.util.stream.FindOps$FindOp.evaluateSequential(FindOps.java:150)
at java.base/java.util.stream.AbstractPipeline.evaluate(AbstractPipeline.java:234)
at java.base/java.util.stream.ReferencePipeline.findFirst(ReferencePipeline.java:543)
at org.openqa.selenium.remote.ProtocolHandshake.createSession(ProtocolHandshake.java:128)
at org.openqa.selenium.remote.ProtocolHandshake.createSession(ProtocolHandshake.java:74)
at org.openqa.selenium.remote.HttpCommandExecutor.execute(HttpCommandExecutor.java:136)
at org.openqa.selenium.remote.service.DriverCommandExecutor.execute(DriverCommandExecutor.java:83)
at org.openqa.selenium.remote.RemoteWebDriver.execute(RemoteWebDriver.java:552)
at org.openqa.selenium.remote.RemoteWebDriver.startSession(RemoteWebDriver.java:213)
at org.openqa.selenium.remote.RemoteWebDriver.<init>(RemoteWebDriver.java:131)
at org.openqa.selenium.chrome.ChromeDriver.<init>(ChromeDriver.java:181)
at org.openqa.selenium.chrome.ChromeDriver.<init>(ChromeDriver.java:168)
at org.openqa.selenium.chrome.ChromeDriver.<init>(ChromeDriver.java:157)
at com.Selenium_assignment.tests.BaseTest.initializeWebDriver(BaseTest.java:85)
at java.base/jdk.internal.reflect.NativeMethodAccessorImpl.invoke0(Native Method)
at java.base/jdk.internal.reflect.NativeMethodAccessorImpl.invoke(NativeMethodAccessorImpl.java:62)
at java.base/jdk.internal.reflect.DelegatingMethodAccessorImpl.invoke(DelegatingMethodAccessorImpl.java:43)
at java.base/java.lang.reflect.Method.invoke(Method.java:566)
at org.testng.internal.MethodInvocationHelper.invokeMethod(MethodInvocationHelper.java:133)
at org.testng.internal.MethodInvocationHelper.invokeMethodConsideringTimeout(MethodInvocationHelper.java:62)
at org.testng.internal.ConfigInvoker.invokeConfigurationMethod(ConfigInvoker.java:385)
at org.testng.internal.ConfigInvoker.invokeConfigurations(ConfigInvoker.java:321)
at org.testng.SuiteRunner.privateRun(SuiteRunner.java:317)
at org.testng.SuiteRunner.run(SuiteRunner.java:276)
at org.testng.SuiteRunnerWorker.runSuite(SuiteRunnerWorker.java:53)
at org.testng.SuiteRunnerWorker.run(SuiteRunnerWorker.java:96)
at org.testng.TestNG.runSuitesSequentially(TestNG.java:1212)
at org.testng.TestNG.runSuitesLocally(TestNG.java:1134)
at org.testng.TestNG.runSuites(TestNG.java:1063)
at org.testng.TestNG.run(TestNG.java:1031)
at org.testng.remote.AbstractRemoteTestNG.run(AbstractRemoteTestNG.java:115)
at org.testng.remote.RemoteTestNG.initAndRun(RemoteTestNG.java:251)
at org.testng.remote.RemoteTestNG.main(RemoteTestNG.java:77)
]]>
            </full-stacktrace>
          </exception> <!-- org.openqa.selenium.SessionNotCreatedException -->
          <reporter-output>
          </reporter-output>
        </test-method> <!-- ChooseHindiLanguage -->
        <test-method is-config="true" signature="attachScreenshot(org.testng.ITestResult)[pri:0, instance:com.Selenium_assignment.tests.ChooseLanguageTest@4d0f2471]" started-at="2022-05-03T12:28:03 IST" name="attachScreenshot" finished-at="1970-01-01T05:30:00 IST" duration-ms="-1651561083967" status="SKIP">
          <reporter-output>
          </reporter-output>
        </test-method> <!-- attachScreenshot -->
        <test-method is-config="true" signature="endTest()[pri:0, instance:com.Selenium_assignment.tests.ChooseLanguageTest@4d0f2471]" started-at="2022-05-03T12:28:03 IST" name="endTest" finished-at="1970-01-01T05:30:00 IST" duration-ms="-1651561083969" status="SKIP">
          <reporter-output>
          </reporter-output>
        </test-method> <!-- endTest -->
        <test-method is-config="true" signature="openurl()[pri:0, instance:com.Selenium_assignment.tests.ChooseLanguageTest@4d0f2471]" started-at="2022-05-03T12:28:03 IST" name="openurl" finished-at="1970-01-01T05:30:00 IST" duration-ms="-1651561083971" status="SKIP">
          <reporter-output>
          </reporter-output>
        </test-method> <!-- openurl -->
        <test-method signature="ChooseEnglishLanguage()[pri:16, instance:com.Selenium_assignment.tests.ChooseLanguageTest@4d0f2471]" started-at="2022-05-03T12:28:03 IST" name="ChooseEnglishLanguage" finished-at="2022-05-03T12:28:03 IST" duration-ms="0" status="SKIP">
          <exception class="org.openqa.selenium.SessionNotCreatedException">
            <message>
              <![CDATA[session not created: This version of ChromeDriver only supports Chrome version 98
Current browser version is 100.0.4896.127 with binary path C:\Users\tanugupta02\AppData\Local\Google\Chrome\Application\chrome.exe
Build info: version: '3.141.59', revision: 'e82be7d358', time: '2018-11-14T08:17:03'
System info: host: 'IN-PG02P5S6', ip: '192.168.1.4', os.name: 'Windows 10', os.arch: 'amd64', os.version: '10.0', java.version: '11.0.1'
Driver info: driver.version: ChromeDriver
remote stacktrace: Backtrace:
Ordinal0 [0x010869A3+2582947]
Ordinal0 [0x0101A6D1+2139857]
Ordinal0 [0x00F13A98+1063576]
Ordinal0 [0x00F333B8+1192888]
Ordinal0 [0x00F2F235+1176117]
Ordinal0 [0x00F2C9E1+1165793]
Ordinal0 [0x00F5CFFF+1363967]
Ordinal0 [0x00F5CC2A+1362986]
Ordinal0 [0x00F58366+1344358]
Ordinal0 [0x00F35176+1200502]
Ordinal0 [0x00F36066+1204326]
GetHandleVerifier [0x0122BE02+1675858]
GetHandleVerifier [0x012E036C+2414524]
GetHandleVerifier [0x0111BB01+560977]
GetHandleVerifier [0x0111A8D3+556323]
Ordinal0 [0x0102020E+2163214]
Ordinal0 [0x01025078+2183288]
Ordinal0 [0x010251C0+2183616]
Ordinal0 [0x0102EE1C+2223644]
BaseThreadInitThunk [0x757C6739+25]
RtlGetFullPathName_UEx [0x76EC8E7F+1215]
RtlGetFullPathName_UEx [0x76EC8E4D+1165]
]]>
            </message>
            <full-stacktrace>
              <![CDATA[org.openqa.selenium.SessionNotCreatedException: session not created: This version of ChromeDriver only supports Chrome version 98
Current browser version is 100.0.4896.127 with binary path C:\Users\tanugupta02\AppData\Local\Google\Chrome\Application\chrome.exe
Build info: version: '3.141.59', revision: 'e82be7d358', time: '2018-11-14T08:17:03'
System info: host: 'IN-PG02P5S6', ip: '192.168.1.4', os.name: 'Windows 10', os.arch: 'amd64', os.version: '10.0', java.version: '11.0.1'
Driver info: driver.version: ChromeDriver
remote stacktrace: Backtrace:
Ordinal0 [0x010869A3+2582947]
Ordinal0 [0x0101A6D1+2139857]
Ordinal0 [0x00F13A98+1063576]
Ordinal0 [0x00F333B8+1192888]
Ordinal0 [0x00F2F235+1176117]
Ordinal0 [0x00F2C9E1+1165793]
Ordinal0 [0x00F5CFFF+1363967]
Ordinal0 [0x00F5CC2A+1362986]
Ordinal0 [0x00F58366+1344358]
Ordinal0 [0x00F35176+1200502]
Ordinal0 [0x00F36066+1204326]
GetHandleVerifier [0x0122BE02+1675858]
GetHandleVerifier [0x012E036C+2414524]
GetHandleVerifier [0x0111BB01+560977]
GetHandleVerifier [0x0111A8D3+556323]
Ordinal0 [0x0102020E+2163214]
Ordinal0 [0x01025078+2183288]
Ordinal0 [0x010251C0+2183616]
Ordinal0 [0x0102EE1C+2223644]
BaseThreadInitThunk [0x757C6739+25]
RtlGetFullPathName_UEx [0x76EC8E7F+1215]
RtlGetFullPathName_UEx [0x76EC8E4D+1165]

at java.base/jdk.internal.reflect.NativeConstructorAccessorImpl.newInstance0(Native Method)
at java.base/jdk.internal.reflect.NativeConstructorAccessorImpl.newInstance(NativeConstructorAccessorImpl.java:62)
at java.base/jdk.internal.reflect.DelegatingConstructorAccessorImpl.newInstance(DelegatingConstructorAccessorImpl.java:45)
at java.base/java.lang.reflect.Constructor.newInstance(Constructor.java:490)
at org.openqa.selenium.remote.W3CHandshakeResponse.lambda$errorHandler$0(W3CHandshakeResponse.java:62)
at org.openqa.selenium.remote.HandshakeResponse.lambda$getResponseFunction$0(HandshakeResponse.java:30)
at org.openqa.selenium.remote.ProtocolHandshake.lambda$createSession$0(ProtocolHandshake.java:126)
at java.base/java.util.stream.ReferencePipeline$3$1.accept(ReferencePipeline.java:195)
at java.base/java.util.Spliterators$ArraySpliterator.tryAdvance(Spliterators.java:958)
at java.base/java.util.stream.ReferencePipeline.forEachWithCancel(ReferencePipeline.java:127)
at java.base/java.util.stream.AbstractPipeline.copyIntoWithCancel(AbstractPipeline.java:502)
at java.base/java.util.stream.AbstractPipeline.copyInto(AbstractPipeline.java:488)
at java.base/java.util.stream.AbstractPipeline.wrapAndCopyInto(AbstractPipeline.java:474)
at java.base/java.util.stream.FindOps$FindOp.evaluateSequential(FindOps.java:150)
at java.base/java.util.stream.AbstractPipeline.evaluate(AbstractPipeline.java:234)
at java.base/java.util.stream.ReferencePipeline.findFirst(ReferencePipeline.java:543)
at org.openqa.selenium.remote.ProtocolHandshake.createSession(ProtocolHandshake.java:128)
at org.openqa.selenium.remote.ProtocolHandshake.createSession(ProtocolHandshake.java:74)
at org.openqa.selenium.remote.HttpCommandExecutor.execute(HttpCommandExecutor.java:136)
at org.openqa.selenium.remote.service.DriverCommandExecutor.execute(DriverCommandExecutor.java:83)
at org.openqa.selenium.remote.RemoteWebDriver.execute(RemoteWebDriver.java:552)
at org.openqa.selenium.remote.RemoteWebDriver.startSession(RemoteWebDriver.java:213)
at org.openqa.selenium.remote.RemoteWebDriver.<init>(RemoteWebDriver.java:131)
at org.openqa.selenium.chrome.ChromeDriver.<init>(ChromeDriver.java:181)
at org.openqa.selenium.chrome.ChromeDriver.<init>(ChromeDriver.java:168)
at org.openqa.selenium.chrome.ChromeDriver.<init>(ChromeDriver.java:157)
at com.Selenium_assignment.tests.BaseTest.initializeWebDriver(BaseTest.java:85)
at java.base/jdk.internal.reflect.NativeMethodAccessorImpl.invoke0(Native Method)
at java.base/jdk.internal.reflect.NativeMethodAccessorImpl.invoke(NativeMethodAccessorImpl.java:62)
at java.base/jdk.internal.reflect.DelegatingMethodAccessorImpl.invoke(DelegatingMethodAccessorImpl.java:43)
at java.base/java.lang.reflect.Method.invoke(Method.java:566)
at org.testng.internal.MethodInvocationHelper.invokeMethod(MethodInvocationHelper.java:133)
at org.testng.internal.MethodInvocationHelper.invokeMethodConsideringTimeout(MethodInvocationHelper.java:62)
at org.testng.internal.ConfigInvoker.invokeConfigurationMethod(ConfigInvoker.java:385)
at org.testng.internal.ConfigInvoker.invokeConfigurations(ConfigInvoker.java:321)
at org.testng.SuiteRunner.privateRun(SuiteRunner.java:317)
at org.testng.SuiteRunner.run(SuiteRunner.java:276)
at org.testng.SuiteRunnerWorker.runSuite(SuiteRunnerWorker.java:53)
at org.testng.SuiteRunnerWorker.run(SuiteRunnerWorker.java:96)
at org.testng.TestNG.runSuitesSequentially(TestNG.java:1212)
at org.testng.TestNG.runSuitesLocally(TestNG.java:1134)
at org.testng.TestNG.runSuites(TestNG.java:1063)
at org.testng.TestNG.run(TestNG.java:1031)
at org.testng.remote.AbstractRemoteTestNG.run(AbstractRemoteTestNG.java:115)
at org.testng.remote.RemoteTestNG.initAndRun(RemoteTestNG.java:251)
at org.testng.remote.RemoteTestNG.main(RemoteTestNG.java:77)
]]>
            </full-stacktrace>
          </exception> <!-- org.openqa.selenium.SessionNotCreatedException -->
          <reporter-output>
          </reporter-output>
        </test-method> <!-- ChooseEnglishLanguage -->
        <test-method is-config="true" signature="attachScreenshot(org.testng.ITestResult)[pri:0, instance:com.Selenium_assignment.tests.ChooseLanguageTest@4d0f2471]" started-at="2022-05-03T12:28:03 IST" name="attachScreenshot" finished-at="1970-01-01T05:30:00 IST" duration-ms="-1651561083978" status="SKIP">
          <reporter-output>
          </reporter-output>
        </test-method> <!-- attachScreenshot -->
        <test-method is-config="true" signature="endTest()[pri:0, instance:com.Selenium_assignment.tests.ChooseLanguageTest@4d0f2471]" started-at="2022-05-03T12:28:03 IST" name="endTest" finished-at="1970-01-01T05:30:00 IST" duration-ms="-1651561083978" status="SKIP">
          <reporter-output>
          </reporter-output>
        </test-method> <!-- endTest -->
        <test-method is-config="true" signature="closeBrowser()[pri:0, instance:com.Selenium_assignment.tests.ChooseLanguageTest@4d0f2471]" started-at="2022-05-03T12:28:04 IST" name="closeBrowser" finished-at="1970-01-01T05:30:00 IST" duration-ms="-1651561084041" status="SKIP">
          <reporter-output>
          </reporter-output>
        </test-method> <!-- closeBrowser -->
        <test-method is-config="true" signature="endReport()[pri:0, instance:com.Selenium_assignment.tests.ChooseLanguageTest@4d0f2471]" started-at="2022-05-03T12:28:04 IST" name="endReport" finished-at="1970-01-01T05:30:00 IST" duration-ms="-1651561084042" status="SKIP">
          <reporter-output>
          </reporter-output>
        </test-method> <!-- endReport -->
      </class> <!-- com.Selenium_assignment.tests.ChooseLanguageTest -->
    </test> <!-- Default test -->
  </suite> <!-- Default suite -->
</testng-results>
